2026-06-16 17:24:37,153 - __main__ - INFO - 🚀 Iniciando LEXTRADER-IAG 5.0...
2026-06-16 17:24:37,153 - __main__ - ERROR - yfinance não disponível
2026-06-16 17:24:37,153 - __main__ - ERROR - yfinance não disponível
2026-06-16 17:24:37,153 - __main__ - ERROR - yfinance não disponível
2026-06-16 17:24:37,153 - __main__ - ERROR - yfinance não disponível
2026-06-16 17:24:37,153 - __main__ - ERROR - yfinance não disponível
2026-06-16 17:24:37,154 - __main__ - INFO - ✅ 2 estratégias configuradas
2026-06-16 17:24:37,154 - __main__ - INFO - 🧠 Orquestrador Financeiro inicializado
2026-06-16 17:24:37,154 - __main__ - ERROR - yfinance não disponível
2026-06-16 17:24:37,154 - __main__ - ERROR - yfinance não disponível
2026-06-16 17:24:37,154 - __main__ - ERROR - yfinance não disponível
2026-06-16 17:24:37,154 - __main__ - ERROR - yfinance não disponível
2026-06-16 17:24:37,154 - __main__ - ERROR - yfinance não disponível
2026-06-16 17:26:35,646 - __main__ - INFO - 🚀 Iniciando LEXTRADER-IAG 5.0...
2026-06-16 17:26:35,647 - __main__ - ERROR - yfinance não disponível
2026-06-16 17:26:35,647 - __main__ - ERROR - yfinance não disponível
2026-06-16 17:26:35,647 - __main__ - ERROR - yfinance não disponível
2026-06-16 17:26:35,647 - __main__ - ERROR - yfinance não disponível
2026-06-16 17:26:35,647 - __main__ - ERROR - yfinance não disponível
2026-06-16 17:26:35,647 - __main__ - INFO - ✅ 2 estratégias configuradas
2026-06-16 17:26:35,647 - __main__ - INFO - 🧠 Orquestrador Financeiro inicializado
2026-06-16 17:26:35,647 - __main__ - ERROR - yfinance não disponível
2026-06-16 17:26:35,647 - __main__ - ERROR - yfinance não disponível
2026-06-16 17:26:35,647 - __main__ - ERROR - yfinance não disponível
2026-06-16 17:26:35,647 - __main__ - ERROR - yfinance não disponível
2026-06-16 17:26:35,647 - __main__ - ERROR - yfinance não disponível
2026-06-16 17:26:35,647 - __main__ - WARNING - Interface gráfica indisponível (Tkinter não disponível). Rodando somente o núcleo.
2026-06-16 17:26:59,225 - __main__ - INFO - 🚀 Iniciando LEXTRADER-IAG 5.0...
2026-06-16 17:26:59,226 - __main__ - ERROR - yfinance não disponível
2026-06-16 17:26:59,226 - __main__ - ERROR - yfinance não disponível
2026-06-16 17:26:59,226 - __main__ - ERROR - yfinance não disponível
2026-06-16 17:26:59,226 - __main__ - ERROR - yfinance não disponível
2026-06-16 17:26:59,226 - __main__ - ERROR - yfinance não disponível
2026-06-16 17:26:59,226 - __main__ - INFO - ✅ 2 estratégias configuradas
2026-06-16 17:26:59,226 - __main__ - INFO - 🧠 Orquestrador Financeiro inicializado
2026-06-16 17:26:59,226 - __main__ - ERROR - yfinance não disponível
2026-06-16 17:26:59,226 - __main__ - ERROR - yfinance não disponível
2026-06-16 17:26:59,226 - __main__ - ERROR - yfinance não disponível
2026-06-16 17:26:59,226 - __main__ - ERROR - yfinance não disponível
2026-06-16 17:26:59,226 - __main__ - ERROR - yfinance não disponível
2026-06-16 17:26:59,226 - __main__ - WARNING - Interface gráfica indisponível (Tkinter não disponível). Rodando somente o núcleo.
2026-06-16 17:27:34,211 - __main__ - INFO - 🚀 Iniciando LEXTRADER-IAG 5.0...
2026-06-16 17:27:36,261 - __main__ - ERROR - Nenhum framework de deep learning disponível
2026-06-16 17:27:36,262 - __main__ - ERROR - Erro ao treinar Random Forest para AAPL: 'close'
2026-06-16 17:27:36,262 - __main__ - ERROR - Modelo AAPL_lstm não encontrado
2026-06-16 17:27:36,262 - __main__ - ERROR - Modelo AAPL_rf não encontrado
2026-06-16 17:27:36,844 - __main__ - ERROR - Nenhum framework de deep learning disponível
2026-06-16 17:27:36,844 - __main__ - ERROR - Erro ao treinar Random Forest para MSFT: 'close'
2026-06-16 17:27:36,844 - __main__ - ERROR - Modelo MSFT_lstm não encontrado
2026-06-16 17:27:36,844 - __main__ - ERROR - Modelo MSFT_rf não encontrado
2026-06-16 17:27:37,396 - __main__ - ERROR - Nenhum framework de deep learning disponível
2026-06-16 17:27:37,396 - __main__ - ERROR - Erro ao treinar Random Forest para GOOGL: 'close'
2026-06-16 17:27:37,396 - __main__ - ERROR - Modelo GOOGL_lstm não encontrado
2026-06-16 17:27:37,396 - __main__ - ERROR - Modelo GOOGL_rf não encontrado
2026-06-16 17:27:37,861 - __main__ - ERROR - Nenhum framework de deep learning disponível
2026-06-16 17:27:37,861 - __main__ - ERROR - Erro ao treinar Random Forest para AMZN: 'close'
2026-06-16 17:27:37,861 - __main__ - ERROR - Modelo AMZN_lstm não encontrado
2026-06-16 17:27:37,861 - __main__ - ERROR - Modelo AMZN_rf não encontrado
2026-06-16 17:27:38,476 - __main__ - ERROR - Nenhum framework de deep learning disponível
2026-06-16 17:27:38,476 - __main__ - ERROR - Erro ao treinar Random Forest para BTC-USD: 'close'
2026-06-16 17:27:38,476 - __main__ - ERROR - Modelo BTC-USD_lstm não encontrado
2026-06-16 17:27:38,476 - __main__ - ERROR - Modelo BTC-USD_rf não encontrado
2026-06-16 17:27:38,476 - __main__ - INFO - ✅ 2 estratégias configuradas
2026-06-16 17:27:38,476 - __main__ - INFO - 🧠 Orquestrador Financeiro inicializado
2026-06-16 17:27:38,511 - __main__ - ERROR - Modelo AAPL_lstm não encontrado
2026-06-16 17:27:38,511 - __main__ - ERROR - Modelo AAPL_rf não encontrado
2026-06-16 17:28:06,869 - __main__ - INFO - 🚀 Iniciando LEXTRADER-IAG 5.0...
2026-06-16 17:28:07,567 - __main__ - ERROR - Nenhum framework de deep learning disponível
2026-06-16 17:28:07,568 - __main__ - ERROR - Erro ao treinar Random Forest para AAPL: 'close'
2026-06-16 17:28:07,568 - __main__ - ERROR - Modelo AAPL_lstm não encontrado
2026-06-16 17:28:07,568 - __main__ - ERROR - Modelo AAPL_rf não encontrado
2026-06-16 17:28:07,844 - __main__ - ERROR - Nenhum framework de deep learning disponível
2026-06-16 17:28:07,844 - __main__ - ERROR - Erro ao treinar Random Forest para MSFT: 'close'
2026-06-16 17:28:07,844 - __main__ - ERROR - Modelo MSFT_lstm não encontrado
2026-06-16 17:28:07,844 - __main__ - ERROR - Modelo MSFT_rf não encontrado
2026-06-16 17:28:08,076 - __main__ - ERROR - Nenhum framework de deep learning disponível
2026-06-16 17:28:08,076 - __main__ - ERROR - Erro ao treinar Random Forest para GOOGL: 'close'
2026-06-16 17:28:08,076 - __main__ - ERROR - Modelo GOOGL_lstm não encontrado
2026-06-16 17:28:08,076 - __main__ - ERROR - Modelo GOOGL_rf não encontrado
2026-06-16 17:28:08,381 - __main__ - ERROR - Nenhum framework de deep learning disponível
2026-06-16 17:28:08,381 - __main__ - ERROR - Erro ao treinar Random Forest para AMZN: 'close'
2026-06-16 17:28:08,381 - __main__ - ERROR - Modelo AMZN_lstm não encontrado
2026-06-16 17:28:08,381 - __main__ - ERROR - Modelo AMZN_rf não encontrado
2026-06-16 17:28:08,687 - __main__ - ERROR - Nenhum framework de deep learning disponível
2026-06-16 17:28:08,687 - __main__ - ERROR - Erro ao treinar Random Forest para BTC-USD: 'close'
2026-06-16 17:28:08,687 - __main__ - ERROR - Modelo BTC-USD_lstm não encontrado
2026-06-16 17:28:08,687 - __main__ - ERROR - Modelo BTC-USD_rf não encontrado
2026-06-16 17:28:08,687 - __main__ - INFO - ✅ 2 estratégias configuradas
2026-06-16 17:28:08,687 - __main__ - INFO - 🧠 Orquestrador Financeiro inicializado
2026-06-16 17:28:08,720 - __main__ - ERROR - Modelo AAPL_lstm não encontrado
2026-06-16 17:28:08,720 - __main__ - ERROR - Modelo AAPL_rf não encontrado
2026-06-16 17:28:38,092 - __main__ - INFO - 🚀 Iniciando LEXTRADER-IAG 5.0...
2026-06-16 17:28:38,697 - __main__ - ERROR - Nenhum framework de deep learning disponível
2026-06-16 17:28:38,697 - __main__ - ERROR - Erro ao treinar Random Forest para AAPL: 'close'
2026-06-16 17:28:38,697 - __main__ - ERROR - Modelo AAPL_lstm não encontrado
2026-06-16 17:28:38,697 - __main__ - ERROR - Modelo AAPL_rf não encontrado
2026-06-16 17:28:38,937 - __main__ - ERROR - Nenhum framework de deep learning disponível
2026-06-16 17:28:38,937 - __main__ - ERROR - Erro ao treinar Random Forest para MSFT: 'close'
2026-06-16 17:28:38,937 - __main__ - ERROR - Modelo MSFT_lstm não encontrado
2026-06-16 17:28:38,938 - __main__ - ERROR - Modelo MSFT_rf não encontrado
2026-06-16 17:28:39,146 - __main__ - ERROR - Nenhum framework de deep learning disponível
2026-06-16 17:28:39,146 - __main__ - ERROR - Erro ao treinar Random Forest para GOOGL: 'close'
2026-06-16 17:28:39,146 - __main__ - ERROR - Modelo GOOGL_lstm não encontrado
2026-06-16 17:28:39,146 - __main__ - ERROR - Modelo GOOGL_rf não encontrado
2026-06-16 17:28:39,407 - __main__ - ERROR - Nenhum framework de deep learning disponível
2026-06-16 17:28:39,407 - __main__ - ERROR - Erro ao treinar Random Forest para AMZN: 'close'
2026-06-16 17:28:39,408 - __main__ - ERROR - Modelo AMZN_lstm não encontrado
2026-06-16 17:28:39,408 - __main__ - ERROR - Modelo AMZN_rf não encontrado
2026-06-16 17:28:39,751 - __main__ - ERROR - Nenhum framework de deep learning disponível
2026-06-16 17:28:39,751 - __main__ - ERROR - Erro ao treinar Random Forest para BTC-USD: 'close'
2026-06-16 17:28:39,751 - __main__ - ERROR - Modelo BTC-USD_lstm não encontrado
2026-06-16 17:28:39,751 - __main__ - ERROR - Modelo BTC-USD_rf não encontrado
2026-06-16 17:28:39,751 - __main__ - INFO - ✅ 2 estratégias configuradas
2026-06-16 17:28:39,751 - __main__ - INFO - 🧠 Orquestrador Financeiro inicializado
2026-06-16 17:28:39,780 - __main__ - ERROR - Modelo AAPL_lstm não encontrado
2026-06-16 17:28:39,780 - __main__ - ERROR - Modelo AAPL_rf não encontrado
2026-06-16 17:29:10,344 - __main__ - INFO - 🚀 Iniciando LEXTRADER-IAG 5.0...
2026-06-16 17:29:10,953 - __main__ - ERROR - Nenhum framework de deep learning disponível
2026-06-16 17:29:10,953 - __main__ - ERROR - Erro ao treinar Random Forest para AAPL: 'close'
2026-06-16 17:29:10,953 - __main__ - ERROR - Modelo AAPL_lstm não encontrado
2026-06-16 17:29:10,953 - __main__ - ERROR - Modelo AAPL_rf não encontrado
2026-06-16 17:29:11,257 - __main__ - ERROR - Nenhum framework de deep learning disponível
2026-06-16 17:29:11,257 - __main__ - ERROR - Erro ao treinar Random Forest para MSFT: 'close'
2026-06-16 17:29:11,257 - __main__ - ERROR - Modelo MSFT_lstm não encontrado
2026-06-16 17:29:11,257 - __main__ - ERROR - Modelo MSFT_rf não encontrado
2026-06-16 17:29:11,491 - __main__ - ERROR - Nenhum framework de deep learning disponível
2026-06-16 17:29:11,491 - __main__ - ERROR - Erro ao treinar Random Forest para GOOGL: 'close'
2026-06-16 17:29:11,491 - __main__ - ERROR - Modelo GOOGL_lstm não encontrado
2026-06-16 17:29:11,491 - __main__ - ERROR - Modelo GOOGL_rf não encontrado
2026-06-16 17:29:11,697 - __main__ - ERROR - Nenhum framework de deep learning disponível
2026-06-16 17:29:11,697 - __main__ - ERROR - Erro ao treinar Random Forest para AMZN: 'close'
2026-06-16 17:29:11,697 - __main__ - ERROR - Modelo AMZN_lstm não encontrado
2026-06-16 17:29:11,697 - __main__ - ERROR - Modelo AMZN_rf não encontrado
2026-06-16 17:29:11,897 - __main__ - ERROR - Nenhum framework de deep learning disponível
2026-06-16 17:29:11,897 - __main__ - ERROR - Erro ao treinar Random Forest para BTC-USD: 'close'
2026-06-16 17:29:11,897 - __main__ - ERROR - Modelo BTC-USD_lstm não encontrado
2026-06-16 17:29:11,897 - __main__ - ERROR - Modelo BTC-USD_rf não encontrado
2026-06-16 17:29:11,897 - __main__ - INFO - ✅ 2 estratégias configuradas
2026-06-16 17:29:11,897 - __main__ - INFO - 🧠 Orquestrador Financeiro inicializado
2026-06-16 17:29:11,938 - __main__ - ERROR - Modelo AAPL_lstm não encontrado
2026-06-16 17:29:11,938 - __main__ - ERROR - Modelo AAPL_rf não encontrado
2026-06-16 17:29:44,579 - __main__ - INFO - 🚀 Iniciando LEXTRADER-IAG 5.0...
2026-06-16 17:29:45,352 - __main__ - ERROR - Nenhum framework de deep learning disponível
2026-06-16 17:29:45,352 - __main__ - ERROR - Erro ao treinar Random Forest para AAPL: 'close'
2026-06-16 17:29:45,352 - __main__ - ERROR - Modelo AAPL_lstm não encontrado
2026-06-16 17:29:45,352 - __main__ - ERROR - Modelo AAPL_rf não encontrado
2026-06-16 17:29:45,642 - __main__ - ERROR - Nenhum framework de deep learning disponível
2026-06-16 17:29:45,643 - __main__ - ERROR - Erro ao treinar Random Forest para MSFT: 'close'
2026-06-16 17:29:45,643 - __main__ - ERROR - Modelo MSFT_lstm não encontrado
2026-06-16 17:29:45,643 - __main__ - ERROR - Modelo MSFT_rf não encontrado
2026-06-16 17:29:45,866 - __main__ - ERROR - Nenhum framework de deep learning disponível
2026-06-16 17:29:45,866 - __main__ - ERROR - Erro ao treinar Random Forest para GOOGL: 'close'
2026-06-16 17:29:45,866 - __main__ - ERROR - Modelo GOOGL_lstm não encontrado
2026-06-16 17:29:45,866 - __main__ - ERROR - Modelo GOOGL_rf não encontrado
2026-06-16 17:29:46,080 - __main__ - ERROR - Nenhum framework de deep learning disponível
2026-06-16 17:29:46,080 - __main__ - ERROR - Erro ao treinar Random Forest para AMZN: 'close'
2026-06-16 17:29:46,080 - __main__ - ERROR - Modelo AMZN_lstm não encontrado
2026-06-16 17:29:46,080 - __main__ - ERROR - Modelo AMZN_rf não encontrado
2026-06-16 17:29:46,477 - __main__ - ERROR - Nenhum framework de deep learning disponível
2026-06-16 17:29:46,478 - __main__ - ERROR - Erro ao treinar Random Forest para BTC-USD: 'close'
2026-06-16 17:29:46,478 - __main__ - ERROR - Modelo BTC-USD_lstm não encontrado
2026-06-16 17:29:46,478 - __main__ - ERROR - Modelo BTC-USD_rf não encontrado
2026-06-16 17:29:46,478 - __main__ - INFO - ✅ 2 estratégias configuradas
2026-06-16 17:29:46,478 - __main__ - INFO - 🧠 Orquestrador Financeiro inicializado
2026-06-16 17:29:46,511 - __main__ - ERROR - Modelo AAPL_lstm não encontrado
2026-06-16 17:29:46,511 - __main__ - ERROR - Modelo AAPL_rf não encontrado
2026-06-16 17:30:16,838 - __main__ - INFO - 🚀 Iniciando LEXTRADER-IAG 5.0...
2026-06-16 17:30:17,512 - __main__ - ERROR - Nenhum framework de deep learning disponível
2026-06-16 17:30:17,512 - __main__ - ERROR - Erro ao treinar Random Forest para AAPL: 'close'
2026-06-16 17:30:17,512 - __main__ - ERROR - Modelo AAPL_lstm não encontrado
2026-06-16 17:30:17,512 - __main__ - ERROR - Modelo AAPL_rf não encontrado
2026-06-16 17:30:17,749 - __main__ - ERROR - Nenhum framework de deep learning disponível
2026-06-16 17:30:17,749 - __main__ - ERROR - Erro ao treinar Random Forest para MSFT: 'close'
2026-06-16 17:30:17,750 - __main__ - ERROR - Modelo MSFT_lstm não encontrado
2026-06-16 17:30:17,750 - __main__ - ERROR - Modelo MSFT_rf não encontrado
2026-06-16 17:30:18,019 - __main__ - ERROR - Nenhum framework de deep learning disponível
2026-06-16 17:30:18,019 - __main__ - ERROR - Erro ao treinar Random Forest para GOOGL: 'close'
2026-06-16 17:30:18,019 - __main__ - ERROR - Modelo GOOGL_lstm não encontrado
2026-06-16 17:30:18,019 - __main__ - ERROR - Modelo GOOGL_rf não encontrado
2026-06-16 17:30:18,215 - __main__ - ERROR - Nenhum framework de deep learning disponível
2026-06-16 17:30:18,215 - __main__ - ERROR - Erro ao treinar Random Forest para AMZN: 'close'
2026-06-16 17:30:18,215 - __main__ - ERROR - Modelo AMZN_lstm não encontrado
2026-06-16 17:30:18,215 - __main__ - ERROR - Modelo AMZN_rf não encontrado
2026-06-16 17:30:18,630 - __main__ - ERROR - Nenhum framework de deep learning disponível
2026-06-16 17:30:18,631 - __main__ - ERROR - Erro ao treinar Random Forest para BTC-USD: 'close'
2026-06-16 17:30:18,631 - __main__ - ERROR - Modelo BTC-USD_lstm não encontrado
2026-06-16 17:30:18,631 - __main__ - ERROR - Modelo BTC-USD_rf não encontrado
2026-06-16 17:30:18,631 - __main__ - INFO - ✅ 2 estratégias configuradas
2026-06-16 17:30:18,631 - __main__ - INFO - 🧠 Orquestrador Financeiro inicializado
2026-06-16 17:30:18,709 - __main__ - ERROR - Modelo AAPL_lstm não encontrado
2026-06-16 17:30:18,710 - __main__ - ERROR - Modelo AAPL_rf não encontrado
2026-06-16 17:30:46,999 - __main__ - INFO - 🚀 Iniciando LEXTRADER-IAG 5.0...
2026-06-16 17:30:47,722 - __main__ - ERROR - Nenhum framework de deep learning disponível
2026-06-16 17:30:47,722 - __main__ - ERROR - Erro ao treinar Random Forest para AAPL: 'close'
2026-06-16 17:30:47,722 - __main__ - ERROR - Modelo AAPL_lstm não encontrado
2026-06-16 17:30:47,722 - __main__ - ERROR - Modelo AAPL_rf não encontrado
2026-06-16 17:30:48,017 - __main__ - ERROR - Nenhum framework de deep learning disponível
2026-06-16 17:30:48,017 - __main__ - ERROR - Erro ao treinar Random Forest para MSFT: 'close'
2026-06-16 17:30:48,017 - __main__ - ERROR - Modelo MSFT_lstm não encontrado
2026-06-16 17:30:48,017 - __main__ - ERROR - Modelo MSFT_rf não encontrado
2026-06-16 17:30:48,221 - __main__ - ERROR - Nenhum framework de deep learning disponível
2026-06-16 17:30:48,221 - __main__ - ERROR - Erro ao treinar Random Forest para GOOGL: 'close'
2026-06-16 17:30:48,221 - __main__ - ERROR - Modelo GOOGL_lstm não encontrado
2026-06-16 17:30:48,221 - __main__ - ERROR - Modelo GOOGL_rf não encontrado
2026-06-16 17:30:48,528 - __main__ - ERROR - Nenhum framework de deep learning disponível
2026-06-16 17:30:48,529 - __main__ - ERROR - Erro ao treinar Random Forest para AMZN: 'close'
2026-06-16 17:30:48,529 - __main__ - ERROR - Modelo AMZN_lstm não encontrado
2026-06-16 17:30:48,529 - __main__ - ERROR - Modelo AMZN_rf não encontrado
2026-06-16 17:30:48,840 - __main__ - ERROR - Nenhum framework de deep learning disponível
2026-06-16 17:30:48,840 - __main__ - ERROR - Erro ao treinar Random Forest para BTC-USD: 'close'
2026-06-16 17:30:48,840 - __main__ - ERROR - Modelo BTC-USD_lstm não encontrado
2026-06-16 17:30:48,840 - __main__ - ERROR - Modelo BTC-USD_rf não encontrado
2026-06-16 17:30:48,840 - __main__ - INFO - ✅ 2 estratégias configuradas
2026-06-16 17:30:48,840 - __main__ - INFO - 🧠 Orquestrador Financeiro inicializado
2026-06-16 17:30:48,873 - __main__ - ERROR - Modelo AAPL_lstm não encontrado
2026-06-16 17:30:48,874 - __main__ - ERROR - Modelo AAPL_rf não encontrado
2026-06-16 17:31:15,716 - __main__ - INFO - 🚀 Iniciando LEXTRADER-IAG 5.0...
2026-06-16 17:31:16,393 - __main__ - ERROR - Nenhum framework de deep learning disponível
2026-06-16 17:31:16,394 - __main__ - ERROR - Erro ao treinar Random Forest para AAPL: 'close'
2026-06-16 17:31:16,394 - __main__ - ERROR - Modelo AAPL_lstm não encontrado
2026-06-16 17:31:16,394 - __main__ - ERROR - Modelo AAPL_rf não encontrado
2026-06-16 17:31:16,696 - __main__ - ERROR - Nenhum framework de deep learning disponível
2026-06-16 17:31:16,696 - __main__ - ERROR - Erro ao treinar Random Forest para MSFT: 'close'
2026-06-16 17:31:16,696 - __main__ - ERROR - Modelo MSFT_lstm não encontrado
2026-06-16 17:31:16,696 - __main__ - ERROR - Modelo MSFT_rf não encontrado
2026-06-16 17:31:16,903 - __main__ - ERROR - Nenhum framework de deep learning disponível
2026-06-16 17:31:16,903 - __main__ - ERROR - Erro ao treinar Random Forest para GOOGL: 'close'
2026-06-16 17:31:16,903 - __main__ - ERROR - Modelo GOOGL_lstm não encontrado
2026-06-16 17:31:16,903 - __main__ - ERROR - Modelo GOOGL_rf não encontrado
2026-06-16 17:31:17,104 - __main__ - ERROR - Nenhum framework de deep learning disponível
2026-06-16 17:31:17,105 - __main__ - ERROR - Erro ao treinar Random Forest para AMZN: 'close'
2026-06-16 17:31:17,105 - __main__ - ERROR - Modelo AMZN_lstm não encontrado
2026-06-16 17:31:17,105 - __main__ - ERROR - Modelo AMZN_rf não encontrado
2026-06-16 17:31:17,317 - __main__ - ERROR - Nenhum framework de deep learning disponível
2026-06-16 17:31:17,317 - __main__ - ERROR - Erro ao treinar Random Forest para BTC-USD: 'close'
2026-06-16 17:31:17,317 - __main__ - ERROR - Modelo BTC-USD_lstm não encontrado
2026-06-16 17:31:17,317 - __main__ - ERROR - Modelo BTC-USD_rf não encontrado
2026-06-16 17:31:17,317 - __main__ - INFO - ✅ 2 estratégias configuradas
2026-06-16 17:31:17,318 - __main__ - INFO - 🧠 Orquestrador Financeiro inicializado
2026-06-16 17:31:17,348 - __main__ - ERROR - Modelo AAPL_lstm não encontrado
2026-06-16 17:31:17,348 - __main__ - ERROR - Modelo AAPL_rf não encontrado
2026-06-16 17:32:09,661 - __main__ - INFO - 🚀 Iniciando LEXTRADER-IAG 5.0...
2026-06-16 17:32:10,347 - __main__ - ERROR - Nenhum framework de deep learning disponível
2026-06-16 17:32:10,348 - __main__ - ERROR - Erro ao treinar Random Forest para AAPL: 'close'
2026-06-16 17:32:10,348 - __main__ - ERROR - Modelo AAPL_lstm não encontrado
2026-06-16 17:32:10,348 - __main__ - ERROR - Modelo AAPL_rf não encontrado
2026-06-16 17:32:10,658 - __main__ - ERROR - Nenhum framework de deep learning disponível
2026-06-16 17:32:10,658 - __main__ - ERROR - Erro ao treinar Random Forest para MSFT: 'close'
2026-06-16 17:32:10,658 - __main__ - ERROR - Modelo MSFT_lstm não encontrado
2026-06-16 17:32:10,658 - __main__ - ERROR - Modelo MSFT_rf não encontrado
2026-06-16 17:32:10,863 - __main__ - ERROR - Nenhum framework de deep learning disponível
2026-06-16 17:32:10,863 - __main__ - ERROR - Erro ao treinar Random Forest para GOOGL: 'close'
2026-06-16 17:32:10,863 - __main__ - ERROR - Modelo GOOGL_lstm não encontrado
2026-06-16 17:32:10,863 - __main__ - ERROR - Modelo GOOGL_rf não encontrado
2026-06-16 17:32:11,168 - __main__ - ERROR - Nenhum framework de deep learning disponível
2026-06-16 17:32:11,168 - __main__ - ERROR - Erro ao treinar Random Forest para AMZN: 'close'
2026-06-16 17:32:11,168 - __main__ - ERROR - Modelo AMZN_lstm não encontrado
2026-06-16 17:32:11,169 - __main__ - ERROR - Modelo AMZN_rf não encontrado
2026-06-16 17:32:11,379 - __main__ - ERROR - Nenhum framework de deep learning disponível
2026-06-16 17:32:11,380 - __main__ - ERROR - Erro ao treinar Random Forest para BTC-USD: 'close'
2026-06-16 17:32:11,380 - __main__ - ERROR - Modelo BTC-USD_lstm não encontrado
2026-06-16 17:32:11,380 - __main__ - ERROR - Modelo BTC-USD_rf não encontrado
2026-06-16 17:32:11,380 - __main__ - INFO - ✅ 2 estratégias configuradas
2026-06-16 17:32:11,380 - __main__ - INFO - 🧠 Orquestrador Financeiro inicializado
2026-06-16 17:32:11,413 - __main__ - ERROR - Modelo AAPL_lstm não encontrado
2026-06-16 17:32:11,413 - __main__ - ERROR - Modelo AAPL_rf não encontrado
2026-06-16 17:40:34,054 - __main__ - INFO - 🚀 Iniciando LEXTRADER-IAG 5.0...
2026-06-16 17:40:34,882 - __main__ - ERROR - Nenhum framework de deep learning disponível
2026-06-16 17:40:34,882 - __main__ - ERROR - Erro ao treinar Random Forest para AAPL: 'close'
2026-06-16 17:40:34,882 - __main__ - ERROR - Modelo AAPL_lstm não encontrado
2026-06-16 17:40:34,882 - __main__ - ERROR - Modelo AAPL_rf não encontrado
2026-06-16 17:40:35,184 - __main__ - ERROR - Nenhum framework de deep learning disponível
2026-06-16 17:40:35,185 - __main__ - ERROR - Erro ao treinar Random Forest para MSFT: 'close'
2026-06-16 17:40:35,185 - __main__ - ERROR - Modelo MSFT_lstm não encontrado
2026-06-16 17:40:35,185 - __main__ - ERROR - Modelo MSFT_rf não encontrado
2026-06-16 17:40:35,804 - __main__ - ERROR - Nenhum framework de deep learning disponível
2026-06-16 17:40:35,804 - __main__ - ERROR - Erro ao treinar Random Forest para GOOGL: 'close'
2026-06-16 17:40:35,804 - __main__ - ERROR - Modelo GOOGL_lstm não encontrado
2026-06-16 17:40:35,804 - __main__ - ERROR - Modelo GOOGL_rf não encontrado
2026-06-16 17:40:35,994 - __main__ - ERROR - Nenhum framework de deep learning disponível
2026-06-16 17:40:35,994 - __main__ - ERROR - Erro ao treinar Random Forest para AMZN: 'close'
2026-06-16 17:40:35,994 - __main__ - ERROR - Modelo AMZN_lstm não encontrado
2026-06-16 17:40:35,994 - __main__ - ERROR - Modelo AMZN_rf não encontrado
2026-06-16 17:40:36,201 - __main__ - ERROR - Nenhum framework de deep learning disponível
2026-06-16 17:40:36,201 - __main__ - ERROR - Erro ao treinar Random Forest para BTC-USD: 'close'
2026-06-16 17:40:36,201 - __main__ - ERROR - Modelo BTC-USD_lstm não encontrado
2026-06-16 17:40:36,201 - __main__ - ERROR - Modelo BTC-USD_rf não encontrado
2026-06-16 17:40:36,201 - __main__ - INFO - ✅ 2 estratégias configuradas
2026-06-16 17:40:36,201 - __main__ - INFO - 🧠 Orquestrador Financeiro inicializado
2026-06-16 17:40:36,241 - __main__ - ERROR - Modelo AAPL_lstm não encontrado
2026-06-16 17:40:36,241 - __main__ - ERROR - Modelo AAPL_rf não encontrado
2026-06-16 17:41:30,249 - __main__ - INFO - 🚀 Iniciando LEXTRADER-IAG 5.0...
2026-06-16 17:41:30,884 - __main__ - ERROR - Nenhum framework de deep learning disponível
2026-06-16 17:41:30,884 - __main__ - ERROR - Erro ao treinar Random Forest para AAPL: 'close'
2026-06-16 17:41:30,884 - __main__ - ERROR - Modelo AAPL_lstm não encontrado
2026-06-16 17:41:30,884 - __main__ - ERROR - Modelo AAPL_rf não encontrado
2026-06-16 17:41:31,192 - __main__ - ERROR - Nenhum framework de deep learning disponível
2026-06-16 17:41:31,192 - __main__ - ERROR - Erro ao treinar Random Forest para MSFT: 'close'
2026-06-16 17:41:31,192 - __main__ - ERROR - Modelo MSFT_lstm não encontrado
2026-06-16 17:41:31,192 - __main__ - ERROR - Modelo MSFT_rf não encontrado
2026-06-16 17:41:31,398 - __main__ - ERROR - Nenhum framework de deep learning disponível
2026-06-16 17:41:31,399 - __main__ - ERROR - Erro ao treinar Random Forest para GOOGL: 'close'
2026-06-16 17:41:31,399 - __main__ - ERROR - Modelo GOOGL_lstm não encontrado
2026-06-16 17:41:31,399 - __main__ - ERROR - Modelo GOOGL_rf não encontrado
2026-06-16 17:41:31,598 - __main__ - ERROR - Nenhum framework de deep learning disponível
2026-06-16 17:41:31,598 - __main__ - ERROR - Erro ao treinar Random Forest para AMZN: 'close'
2026-06-16 17:41:31,598 - __main__ - ERROR - Modelo AMZN_lstm não encontrado
2026-06-16 17:41:31,598 - __main__ - ERROR - Modelo AMZN_rf não encontrado
2026-06-16 17:41:31,798 - __main__ - ERROR - Nenhum framework de deep learning disponível
2026-06-16 17:41:31,798 - __main__ - ERROR - Erro ao treinar Random Forest para BTC-USD: 'close'
2026-06-16 17:41:31,798 - __main__ - ERROR - Modelo BTC-USD_lstm não encontrado
2026-06-16 17:41:31,798 - __main__ - ERROR - Modelo BTC-USD_rf não encontrado
2026-06-16 17:41:31,798 - __main__ - INFO - ✅ 2 estratégias configuradas
2026-06-16 17:41:31,798 - __main__ - INFO - 🧠 Orquestrador Financeiro inicializado
2026-06-16 17:41:31,835 - __main__ - ERROR - Modelo AAPL_lstm não encontrado
2026-06-16 17:41:31,835 - __main__ - ERROR - Modelo AAPL_rf não encontrado
2026-06-16 17:42:02,127 - __main__ - INFO - 🚀 Iniciando LEXTRADER-IAG 5.0...
2026-06-16 17:42:02,838 - __main__ - ERROR - Nenhum framework de deep learning disponível
2026-06-16 17:42:02,838 - __main__ - ERROR - Erro ao treinar Random Forest para AAPL: 'close'
2026-06-16 17:42:02,838 - __main__ - ERROR - Modelo AAPL_lstm não encontrado
2026-06-16 17:42:02,838 - __main__ - ERROR - Modelo AAPL_rf não encontrado
2026-06-16 17:42:03,090 - __main__ - ERROR - Nenhum framework de deep learning disponível
2026-06-16 17:42:03,090 - __main__ - ERROR - Erro ao treinar Random Forest para MSFT: 'close'
2026-06-16 17:42:03,090 - __main__ - ERROR - Modelo MSFT_lstm não encontrado
2026-06-16 17:42:03,090 - __main__ - ERROR - Modelo MSFT_rf não encontrado
2026-06-16 17:42:03,305 - __main__ - ERROR - Nenhum framework de deep learning disponível
2026-06-16 17:42:03,305 - __main__ - ERROR - Erro ao treinar Random Forest para GOOGL: 'close'
2026-06-16 17:42:03,305 - __main__ - ERROR - Modelo GOOGL_lstm não encontrado
2026-06-16 17:42:03,305 - __main__ - ERROR - Modelo GOOGL_rf não encontrado
2026-06-16 17:42:03,507 - __main__ - ERROR - Nenhum framework de deep learning disponível
2026-06-16 17:42:03,507 - __main__ - ERROR - Erro ao treinar Random Forest para AMZN: 'close'
2026-06-16 17:42:03,507 - __main__ - ERROR - Modelo AMZN_lstm não encontrado
2026-06-16 17:42:03,508 - __main__ - ERROR - Modelo AMZN_rf não encontrado
2026-06-16 17:42:03,713 - __main__ - ERROR - Nenhum framework de deep learning disponível
2026-06-16 17:42:03,714 - __main__ - ERROR - Erro ao treinar Random Forest para BTC-USD: 'close'
2026-06-16 17:42:03,714 - __main__ - ERROR - Modelo BTC-USD_lstm não encontrado
2026-06-16 17:42:03,714 - __main__ - ERROR - Modelo BTC-USD_rf não encontrado
2026-06-16 17:42:03,714 - __main__ - INFO - ✅ 2 estratégias configuradas
2026-06-16 17:42:03,714 - __main__ - INFO - 🧠 Orquestrador Financeiro inicializado
2026-06-16 17:42:03,748 - __main__ - ERROR - Modelo AAPL_lstm não encontrado
2026-06-16 17:42:03,748 - __main__ - ERROR - Modelo AAPL_rf não encontrado
2026-06-16 17:43:09,317 - __main__ - INFO - 🚀 Iniciando LEXTRADER-IAG 5.0...
2026-06-16 17:43:10,113 - __main__ - ERROR - Nenhum framework de deep learning disponível
2026-06-16 17:43:10,113 - __main__ - ERROR - Erro ao treinar Random Forest para AAPL: 'close'
2026-06-16 17:43:10,114 - __main__ - ERROR - Modelo AAPL_lstm não encontrado
2026-06-16 17:43:10,114 - __main__ - ERROR - Modelo AAPL_rf não encontrado
2026-06-16 17:43:10,416 - __main__ - ERROR - Nenhum framework de deep learning disponível
2026-06-16 17:43:10,417 - __main__ - ERROR - Erro ao treinar Random Forest para MSFT: 'close'
2026-06-16 17:43:10,417 - __main__ - ERROR - Modelo MSFT_lstm não encontrado
2026-06-16 17:43:10,417 - __main__ - ERROR - Modelo MSFT_rf não encontrado
2026-06-16 17:43:10,635 - __main__ - ERROR - Nenhum framework de deep learning disponível
2026-06-16 17:43:10,635 - __main__ - ERROR - Erro ao treinar Random Forest para GOOGL: 'close'
2026-06-16 17:43:10,635 - __main__ - ERROR - Modelo GOOGL_lstm não encontrado
2026-06-16 17:43:10,635 - __main__ - ERROR - Modelo GOOGL_rf não encontrado
2026-06-16 17:43:10,834 - __main__ - ERROR - Nenhum framework de deep learning disponível
2026-06-16 17:43:10,834 - __main__ - ERROR - Erro ao treinar Random Forest para AMZN: 'close'
2026-06-16 17:43:10,834 - __main__ - ERROR - Modelo AMZN_lstm não encontrado
2026-06-16 17:43:10,834 - __main__ - ERROR - Modelo AMZN_rf não encontrado
2026-06-16 17:43:11,037 - __main__ - ERROR - Nenhum framework de deep learning disponível
2026-06-16 17:43:11,037 - __main__ - ERROR - Erro ao treinar Random Forest para BTC-USD: 'close'
2026-06-16 17:43:11,037 - __main__ - ERROR - Modelo BTC-USD_lstm não encontrado
2026-06-16 17:43:11,037 - __main__ - ERROR - Modelo BTC-USD_rf não encontrado
2026-06-16 17:43:11,037 - __main__ - INFO - ✅ 2 estratégias configuradas
2026-06-16 17:43:11,037 - __main__ - INFO - 🧠 Orquestrador Financeiro inicializado
2026-06-16 17:43:11,077 - __main__ - ERROR - Modelo AAPL_lstm não encontrado
2026-06-16 17:43:11,078 - __main__ - ERROR - Modelo AAPL_rf não encontrado
2026-06-16 17:43:56,771 - __main__ - INFO - 🚀 Iniciando LEXTRADER-IAG 5.0...
2026-06-16 17:43:57,367 - __main__ - ERROR - Nenhum framework de deep learning disponível
2026-06-16 17:43:57,368 - __main__ - ERROR - Erro ao treinar Random Forest para AAPL: 'close'
2026-06-16 17:43:57,368 - __main__ - ERROR - Modelo AAPL_lstm não encontrado
2026-06-16 17:43:57,368 - __main__ - ERROR - Modelo AAPL_rf não encontrado
2026-06-16 17:43:57,628 - __main__ - ERROR - Nenhum framework de deep learning disponível
2026-06-16 17:43:57,628 - __main__ - ERROR - Erro ao treinar Random Forest para MSFT: 'close'
2026-06-16 17:43:57,628 - __main__ - ERROR - Modelo MSFT_lstm não encontrado
2026-06-16 17:43:57,628 - __main__ - ERROR - Modelo MSFT_rf não encontrado
2026-06-16 17:43:57,930 - __main__ - ERROR - Nenhum framework de deep learning disponível
2026-06-16 17:43:57,930 - __main__ - ERROR - Erro ao treinar Random Forest para GOOGL: 'close'
2026-06-16 17:43:57,930 - __main__ - ERROR - Modelo GOOGL_lstm não encontrado
2026-06-16 17:43:57,931 - __main__ - ERROR - Modelo GOOGL_rf não encontrado
2026-06-16 17:43:58,235 - __main__ - ERROR - Nenhum framework de deep learning disponível
2026-06-16 17:43:58,235 - __main__ - ERROR - Erro ao treinar Random Forest para AMZN: 'close'
2026-06-16 17:43:58,236 - __main__ - ERROR - Modelo AMZN_lstm não encontrado
2026-06-16 17:43:58,236 - __main__ - ERROR - Modelo AMZN_rf não encontrado
2026-06-16 17:43:58,539 - __main__ - ERROR - Nenhum framework de deep learning disponível
2026-06-16 17:43:58,539 - __main__ - ERROR - Erro ao treinar Random Forest para BTC-USD: 'close'
2026-06-16 17:43:58,540 - __main__ - ERROR - Modelo BTC-USD_lstm não encontrado
2026-06-16 17:43:58,540 - __main__ - ERROR - Modelo BTC-USD_rf não encontrado
2026-06-16 17:43:58,540 - __main__ - INFO - ✅ 2 estratégias configuradas
2026-06-16 17:43:58,540 - __main__ - INFO - 🧠 Orquestrador Financeiro inicializado
2026-06-16 17:43:58,571 - __main__ - ERROR - Modelo AAPL_lstm não encontrado
2026-06-16 17:43:58,571 - __main__ - ERROR - Modelo AAPL_rf não encontrado
2026-06-16 17:44:31,061 - __main__ - INFO - 🚀 Iniciando LEXTRADER-IAG 5.0...
2026-06-16 17:44:31,725 - __main__ - ERROR - Nenhum framework de deep learning disponível
2026-06-16 17:44:31,725 - __main__ - ERROR - Erro ao treinar Random Forest para AAPL: 'close'
2026-06-16 17:44:31,726 - __main__ - ERROR - Modelo AAPL_lstm não encontrado
2026-06-16 17:44:31,726 - __main__ - ERROR - Modelo AAPL_rf não encontrado
2026-06-16 17:44:32,028 - __main__ - ERROR - Nenhum framework de deep learning disponível
2026-06-16 17:44:32,029 - __main__ - ERROR - Erro ao treinar Random Forest para MSFT: 'close'
2026-06-16 17:44:32,029 - __main__ - ERROR - Modelo MSFT_lstm não encontrado
2026-06-16 17:44:32,029 - __main__ - ERROR - Modelo MSFT_rf não encontrado
2026-06-16 17:44:32,234 - __main__ - ERROR - Nenhum framework de deep learning disponível
2026-06-16 17:44:32,234 - __main__ - ERROR - Erro ao treinar Random Forest para GOOGL: 'close'
2026-06-16 17:44:32,234 - __main__ - ERROR - Modelo GOOGL_lstm não encontrado
2026-06-16 17:44:32,234 - __main__ - ERROR - Modelo GOOGL_rf não encontrado
2026-06-16 17:44:32,540 - __main__ - ERROR - Nenhum framework de deep learning disponível
2026-06-16 17:44:32,540 - __main__ - ERROR - Erro ao treinar Random Forest para AMZN: 'close'
2026-06-16 17:44:32,540 - __main__ - ERROR - Modelo AMZN_lstm não encontrado
2026-06-16 17:44:32,540 - __main__ - ERROR - Modelo AMZN_rf não encontrado
2026-06-16 17:44:32,836 - __main__ - ERROR - Nenhum framework de deep learning disponível
2026-06-16 17:44:32,837 - __main__ - ERROR - Erro ao treinar Random Forest para BTC-USD: 'close'
2026-06-16 17:44:32,837 - __main__ - ERROR - Modelo BTC-USD_lstm não encontrado
2026-06-16 17:44:32,837 - __main__ - ERROR - Modelo BTC-USD_rf não encontrado
2026-06-16 17:44:32,837 - __main__ - INFO - ✅ 2 estratégias configuradas
2026-06-16 17:44:32,837 - __main__ - INFO - 🧠 Orquestrador Financeiro inicializado
2026-06-16 17:44:32,943 - __main__ - ERROR - Modelo AAPL_lstm não encontrado
2026-06-16 17:44:32,944 - __main__ - ERROR - Modelo AAPL_rf não encontrado
2026-06-16 17:45:41,067 - __main__ - INFO - 🚀 Iniciando LEXTRADER-IAG 5.0...
2026-06-16 17:45:41,767 - __main__ - ERROR - Nenhum framework de deep learning disponível
2026-06-16 17:45:41,767 - __main__ - ERROR - Erro ao treinar Random Forest para AAPL: 'close'
2026-06-16 17:45:41,767 - __main__ - ERROR - Modelo AAPL_lstm não encontrado
2026-06-16 17:45:41,768 - __main__ - ERROR - Modelo AAPL_rf não encontrado
2026-06-16 17:45:42,478 - __main__ - ERROR - Nenhum framework de deep learning disponível
2026-06-16 17:45:42,478 - __main__ - ERROR - Erro ao treinar Random Forest para MSFT: 'close'
2026-06-16 17:45:42,478 - __main__ - ERROR - Modelo MSFT_lstm não encontrado
2026-06-16 17:45:42,478 - __main__ - ERROR - Modelo MSFT_rf não encontrado
2026-06-16 17:45:43,188 - __main__ - ERROR - Nenhum framework de deep learning disponível
2026-06-16 17:45:43,188 - __main__ - ERROR - Erro ao treinar Random Forest para GOOGL: 'close'
2026-06-16 17:45:43,188 - __main__ - ERROR - Modelo GOOGL_lstm não encontrado
2026-06-16 17:45:43,188 - __main__ - ERROR - Modelo GOOGL_rf não encontrado
2026-06-16 17:45:43,384 - __main__ - ERROR - Nenhum framework de deep learning disponível
2026-06-16 17:45:43,384 - __main__ - ERROR - Erro ao treinar Random Forest para AMZN: 'close'
2026-06-16 17:45:43,384 - __main__ - ERROR - Modelo AMZN_lstm não encontrado
2026-06-16 17:45:43,384 - __main__ - ERROR - Modelo AMZN_rf não encontrado
2026-06-16 17:45:43,742 - __main__ - ERROR - Nenhum framework de deep learning disponível
2026-06-16 17:45:43,742 - __main__ - ERROR - Erro ao treinar Random Forest para BTC-USD: 'close'
2026-06-16 17:45:43,743 - __main__ - ERROR - Modelo BTC-USD_lstm não encontrado
2026-06-16 17:45:43,743 - __main__ - ERROR - Modelo BTC-USD_rf não encontrado
2026-06-16 17:45:43,743 - __main__ - INFO - ✅ 2 estratégias configuradas
2026-06-16 17:45:43,743 - __main__ - INFO - 🧠 Orquestrador Financeiro inicializado
2026-06-16 17:45:43,788 - __main__ - ERROR - Modelo AAPL_lstm não encontrado
2026-06-16 17:45:43,788 - __main__ - ERROR - Modelo AAPL_rf não encontrado
2026-06-16 17:45:44,884 - __main__ - INFO - 🚀 Iniciando LEXTRADER-IAG 5.0...
2026-06-16 17:45:45,590 - __main__ - ERROR - Nenhum framework de deep learning disponível
2026-06-16 17:45:45,590 - __main__ - ERROR - Erro ao treinar Random Forest para AAPL: 'close'
2026-06-16 17:45:45,590 - __main__ - ERROR - Modelo AAPL_lstm não encontrado
2026-06-16 17:45:45,590 - __main__ - ERROR - Modelo AAPL_rf não encontrado
2026-06-16 17:45:45,827 - __main__ - ERROR - Nenhum framework de deep learning disponível
2026-06-16 17:45:45,827 - __main__ - ERROR - Erro ao treinar Random Forest para MSFT: 'close'
2026-06-16 17:45:45,827 - __main__ - ERROR - Modelo MSFT_lstm não encontrado
2026-06-16 17:45:45,828 - __main__ - ERROR - Modelo MSFT_rf não encontrado
2026-06-16 17:45:46,030 - __main__ - ERROR - Nenhum framework de deep learning disponível
2026-06-16 17:45:46,031 - __main__ - ERROR - Erro ao treinar Random Forest para GOOGL: 'close'
2026-06-16 17:45:46,031 - __main__ - ERROR - Modelo GOOGL_lstm não encontrado
2026-06-16 17:45:46,031 - __main__ - ERROR - Modelo GOOGL_rf não encontrado
2026-06-16 17:45:46,226 - __main__ - ERROR - Nenhum framework de deep learning disponível
2026-06-16 17:45:46,226 - __main__ - ERROR - Erro ao treinar Random Forest para AMZN: 'close'
2026-06-16 17:45:46,226 - __main__ - ERROR - Modelo AMZN_lstm não encontrado
2026-06-16 17:45:46,226 - __main__ - ERROR - Modelo AMZN_rf não encontrado
2026-06-16 17:45:46,850 - __main__ - ERROR - Nenhum framework de deep learning disponível
2026-06-16 17:45:46,850 - __main__ - ERROR - Erro ao treinar Random Forest para BTC-USD: 'close'
2026-06-16 17:45:46,851 - __main__ - ERROR - Modelo BTC-USD_lstm não encontrado
2026-06-16 17:45:46,851 - __main__ - ERROR - Modelo BTC-USD_rf não encontrado
2026-06-16 17:45:46,851 - __main__ - INFO - ✅ 2 estratégias configuradas
2026-06-16 17:45:46,851 - __main__ - INFO - 🧠 Orquestrador Financeiro inicializado
2026-06-16 17:45:46,920 - __main__ - ERROR - Modelo AAPL_lstm não encontrado
2026-06-16 17:45:46,921 - __main__ - ERROR - Modelo AAPL_rf não encontrado
2026-06-16 17:47:22,843 - __main__ - INFO - 🚀 Iniciando LEXTRADER-IAG 5.0...
2026-06-16 17:47:23,454 - __main__ - ERROR - Nenhum framework de deep learning disponível
2026-06-16 17:47:23,455 - __main__ - ERROR - Erro ao treinar Random Forest para AAPL: 'close'
2026-06-16 17:47:23,455 - __main__ - ERROR - Modelo AAPL_lstm não encontrado
2026-06-16 17:47:23,455 - __main__ - ERROR - Modelo AAPL_rf não encontrado
2026-06-16 17:47:23,759 - __main__ - ERROR - Nenhum framework de deep learning disponível
2026-06-16 17:47:23,759 - __main__ - ERROR - Erro ao treinar Random Forest para MSFT: 'close'
2026-06-16 17:47:23,759 - __main__ - ERROR - Modelo MSFT_lstm não encontrado
2026-06-16 17:47:23,759 - __main__ - ERROR - Modelo MSFT_rf não encontrado
2026-06-16 17:47:23,968 - __main__ - ERROR - Nenhum framework de deep learning disponível
2026-06-16 17:47:23,968 - __main__ - ERROR - Erro ao treinar Random Forest para GOOGL: 'close'
2026-06-16 17:47:23,968 - __main__ - ERROR - Modelo GOOGL_lstm não encontrado
2026-06-16 17:47:23,968 - __main__ - ERROR - Modelo GOOGL_rf não encontrado
2026-06-16 17:47:24,165 - __main__ - ERROR - Nenhum framework de deep learning disponível
2026-06-16 17:47:24,165 - __main__ - ERROR - Erro ao treinar Random Forest para AMZN: 'close'
2026-06-16 17:47:24,165 - __main__ - ERROR - Modelo AMZN_lstm não encontrado
2026-06-16 17:47:24,165 - __main__ - ERROR - Modelo AMZN_rf não encontrado
2026-06-16 17:47:24,363 - __main__ - ERROR - Nenhum framework de deep learning disponível
2026-06-16 17:47:24,364 - __main__ - ERROR - Erro ao treinar Random Forest para BTC-USD: 'close'
2026-06-16 17:47:24,364 - __main__ - ERROR - Modelo BTC-USD_lstm não encontrado
2026-06-16 17:47:24,364 - __main__ - ERROR - Modelo BTC-USD_rf não encontrado
2026-06-16 17:47:24,364 - __main__ - INFO - ✅ 2 estratégias configuradas
2026-06-16 17:47:24,364 - __main__ - INFO - 🧠 Orquestrador Financeiro inicializado
2026-06-16 17:47:24,474 - __main__ - ERROR - Modelo AAPL_lstm não encontrado
2026-06-16 17:47:24,474 - __main__ - ERROR - Modelo AAPL_rf não encontrado
2026-06-16 17:53:12,451 - __main__ - INFO - 🚀 Iniciando LEXTRADER-IAG 5.0...
2026-06-16 17:53:13,289 - __main__ - ERROR - Nenhum framework de deep learning disponível
2026-06-16 17:53:13,289 - __main__ - ERROR - Erro ao treinar Random Forest para AAPL: 'close'
2026-06-16 17:53:13,289 - __main__ - ERROR - Modelo AAPL_lstm não encontrado
2026-06-16 17:53:13,289 - __main__ - ERROR - Modelo AAPL_rf não encontrado
2026-06-16 17:53:13,587 - __main__ - ERROR - Nenhum framework de deep learning disponível
2026-06-16 17:53:13,587 - __main__ - ERROR - Erro ao treinar Random Forest para MSFT: 'close'
2026-06-16 17:53:13,587 - __main__ - ERROR - Modelo MSFT_lstm não encontrado
2026-06-16 17:53:13,587 - __main__ - ERROR - Modelo MSFT_rf não encontrado
2026-06-16 17:53:13,897 - __main__ - ERROR - Nenhum framework de deep learning disponível
2026-06-16 17:53:13,897 - __main__ - ERROR - Erro ao treinar Random Forest para GOOGL: 'close'
2026-06-16 17:53:13,898 - __main__ - ERROR - Modelo GOOGL_lstm não encontrado
2026-06-16 17:53:13,898 - __main__ - ERROR - Modelo GOOGL_rf não encontrado
2026-06-16 17:53:14,499 - __main__ - ERROR - Nenhum framework de deep learning disponível
2026-06-16 17:53:14,499 - __main__ - ERROR - Erro ao treinar Random Forest para AMZN: 'close'
2026-06-16 17:53:14,499 - __main__ - ERROR - Modelo AMZN_lstm não encontrado
2026-06-16 17:53:14,499 - __main__ - ERROR - Modelo AMZN_rf não encontrado
2026-06-16 17:53:14,705 - __main__ - ERROR - Nenhum framework de deep learning disponível
2026-06-16 17:53:14,705 - __main__ - ERROR - Erro ao treinar Random Forest para BTC-USD: 'close'
2026-06-16 17:53:14,706 - __main__ - ERROR - Modelo BTC-USD_lstm não encontrado
2026-06-16 17:53:14,706 - __main__ - ERROR - Modelo BTC-USD_rf não encontrado
2026-06-16 17:53:14,706 - __main__ - INFO - ✅ 2 estratégias configuradas
2026-06-16 17:53:14,706 - __main__ - INFO - 🧠 Orquestrador Financeiro inicializado
2026-06-16 17:53:14,745 - __main__ - ERROR - Modelo AAPL_lstm não encontrado
2026-06-16 17:53:14,745 - __main__ - ERROR - Modelo AAPL_rf não encontrado
2026-06-16 17:57:21,135 - __main__ - INFO - 🚀 Iniciando LEXTRADER-IAG 5.0...
2026-06-16 17:57:22,133 - __main__ - ERROR - Nenhum framework de deep learning disponível
2026-06-16 17:57:22,133 - __main__ - ERROR - Erro ao treinar Random Forest para AAPL: 'close'
2026-06-16 17:57:22,133 - __main__ - ERROR - Modelo AAPL_lstm não encontrado
2026-06-16 17:57:22,133 - __main__ - ERROR - Modelo AAPL_rf não encontrado
2026-06-16 17:57:22,425 - __main__ - ERROR - Nenhum framework de deep learning disponível
2026-06-16 17:57:22,425 - __main__ - ERROR - Erro ao treinar Random Forest para MSFT: 'close'
2026-06-16 17:57:22,425 - __main__ - ERROR - Modelo MSFT_lstm não encontrado
2026-06-16 17:57:22,425 - __main__ - ERROR - Modelo MSFT_rf não encontrado
2026-06-16 17:57:22,733 - __main__ - ERROR - Nenhum framework de deep learning disponível
2026-06-16 17:57:22,733 - __main__ - ERROR - Erro ao treinar Random Forest para GOOGL: 'close'
2026-06-16 17:57:22,734 - __main__ - ERROR - Modelo GOOGL_lstm não encontrado
2026-06-16 17:57:22,734 - __main__ - ERROR - Modelo GOOGL_rf não encontrado
2026-06-16 17:57:22,939 - __main__ - ERROR - Nenhum framework de deep learning disponível
2026-06-16 17:57:22,939 - __main__ - ERROR - Erro ao treinar Random Forest para AMZN: 'close'
2026-06-16 17:57:22,939 - __main__ - ERROR - Modelo AMZN_lstm não encontrado
2026-06-16 17:57:22,939 - __main__ - ERROR - Modelo AMZN_rf não encontrado
2026-06-16 17:57:23,242 - __main__ - ERROR - Nenhum framework de deep learning disponível
2026-06-16 17:57:23,242 - __main__ - ERROR - Erro ao treinar Random Forest para BTC-USD: 'close'
2026-06-16 17:57:23,242 - __main__ - ERROR - Modelo BTC-USD_lstm não encontrado
2026-06-16 17:57:23,242 - __main__ - ERROR - Modelo BTC-USD_rf não encontrado
2026-06-16 17:57:23,242 - __main__ - INFO - ✅ 2 estratégias configuradas
2026-06-16 17:57:23,242 - __main__ - INFO - 🧠 Orquestrador Financeiro inicializado
2026-06-16 17:57:23,345 - __main__ - ERROR - Modelo AAPL_lstm não encontrado
2026-06-16 17:57:23,345 - __main__ - ERROR - Modelo AAPL_rf não encontrado
2026-06-16 18:10:43,933 - __main__ - INFO - 🚀 Iniciando LEXTRADER-IAG 5.0...
2026-06-16 18:10:44,448 - __main__ - ERROR - Nenhum framework de deep learning disponível
2026-06-16 18:10:44,448 - __main__ - ERROR - Erro ao treinar Random Forest para AAPL: 'close'
2026-06-16 18:10:44,448 - __main__ - ERROR - Modelo AAPL_lstm não encontrado
2026-06-16 18:10:44,448 - __main__ - ERROR - Modelo AAPL_rf não encontrado
2026-06-16 18:10:44,689 - __main__ - ERROR - Nenhum framework de deep learning disponível
2026-06-16 18:10:44,689 - __main__ - ERROR - Erro ao treinar Random Forest para MSFT: 'close'
2026-06-16 18:10:44,689 - __main__ - ERROR - Modelo MSFT_lstm não encontrado
2026-06-16 18:10:44,689 - __main__ - ERROR - Modelo MSFT_rf não encontrado
2026-06-16 18:10:44,886 - __main__ - ERROR - Nenhum framework de deep learning disponível
2026-06-16 18:10:44,887 - __main__ - ERROR - Erro ao treinar Random Forest para GOOGL: 'close'
2026-06-16 18:10:44,887 - __main__ - ERROR - Modelo GOOGL_lstm não encontrado
2026-06-16 18:10:44,887 - __main__ - ERROR - Modelo GOOGL_rf não encontrado
2026-06-16 18:10:45,083 - __main__ - ERROR - Nenhum framework de deep learning disponível
2026-06-16 18:10:45,084 - __main__ - ERROR - Erro ao treinar Random Forest para AMZN: 'close'
2026-06-16 18:10:45,084 - __main__ - ERROR - Modelo AMZN_lstm não encontrado
2026-06-16 18:10:45,084 - __main__ - ERROR - Modelo AMZN_rf não encontrado
2026-06-16 18:10:45,278 - __main__ - ERROR - Nenhum framework de deep learning disponível
2026-06-16 18:10:45,278 - __main__ - ERROR - Erro ao treinar Random Forest para BTC-USD: 'close'
2026-06-16 18:10:45,278 - __main__ - ERROR - Modelo BTC-USD_lstm não encontrado
2026-06-16 18:10:45,278 - __main__ - ERROR - Modelo BTC-USD_rf não encontrado
2026-06-16 18:10:45,278 - __main__ - INFO - ✅ 2 estratégias configuradas
2026-06-16 18:10:45,278 - __main__ - INFO - 🧠 Orquestrador Financeiro inicializado
2026-06-16 18:10:45,319 - __main__ - ERROR - Modelo AAPL_lstm não encontrado
2026-06-16 18:10:45,319 - __main__ - ERROR - Modelo AAPL_rf não encontrado
2026-06-16 18:30:56,316 - __main__ - INFO - 🚀 Iniciando LEXTRADER-IAG 5.0...
2026-06-16 18:30:56,980 - __main__ - ERROR - Nenhum framework de deep learning disponível
2026-06-16 18:30:56,980 - __main__ - ERROR - Erro ao treinar Random Forest para AAPL: 'close'
2026-06-16 18:30:56,980 - __main__ - ERROR - Modelo AAPL_lstm não encontrado
2026-06-16 18:30:56,980 - __main__ - ERROR - Modelo AAPL_rf não encontrado
2026-06-16 18:30:57,271 - __main__ - ERROR - Nenhum framework de deep learning disponível
2026-06-16 18:30:57,271 - __main__ - ERROR - Erro ao treinar Random Forest para MSFT: 'close'
2026-06-16 18:30:57,271 - __main__ - ERROR - Modelo MSFT_lstm não encontrado
2026-06-16 18:30:57,272 - __main__ - ERROR - Modelo MSFT_rf não encontrado
2026-06-16 18:30:57,482 - __main__ - ERROR - Nenhum framework de deep learning disponível
2026-06-16 18:30:57,482 - __main__ - ERROR - Erro ao treinar Random Forest para GOOGL: 'close'
2026-06-16 18:30:57,482 - __main__ - ERROR - Modelo GOOGL_lstm não encontrado
2026-06-16 18:30:57,482 - __main__ - ERROR - Modelo GOOGL_rf não encontrado
2026-06-16 18:30:57,694 - __main__ - ERROR - Nenhum framework de deep learning disponível
2026-06-16 18:30:57,694 - __main__ - ERROR - Erro ao treinar Random Forest para AMZN: 'close'
2026-06-16 18:30:57,694 - __main__ - ERROR - Modelo AMZN_lstm não encontrado
2026-06-16 18:30:57,694 - __main__ - ERROR - Modelo AMZN_rf não encontrado
2026-06-16 18:30:57,897 - __main__ - ERROR - Nenhum framework de deep learning disponível
2026-06-16 18:30:57,897 - __main__ - ERROR - Erro ao treinar Random Forest para BTC-USD: 'close'
2026-06-16 18:30:57,897 - __main__ - ERROR - Modelo BTC-USD_lstm não encontrado
2026-06-16 18:30:57,897 - __main__ - ERROR - Modelo BTC-USD_rf não encontrado
2026-06-16 18:30:57,897 - __main__ - INFO - ✅ 2 estratégias configuradas
2026-06-16 18:30:57,897 - __main__ - INFO - 🧠 Orquestrador Financeiro inicializado
2026-06-16 18:30:57,932 - __main__ - ERROR - Modelo AAPL_lstm não encontrado
2026-06-16 18:30:57,932 - __main__ - ERROR - Modelo AAPL_rf não encontrado
2026-06-16 18:34:09,246 - __main__ - INFO - 🚀 Iniciando LEXTRADER-IAG 5.0...
2026-06-16 18:34:09,899 - __main__ - ERROR - Nenhum framework de deep learning disponível
2026-06-16 18:34:09,899 - __main__ - ERROR - Erro ao treinar Random Forest para AAPL: 'close'
2026-06-16 18:34:09,899 - __main__ - ERROR - Modelo AAPL_lstm não encontrado
2026-06-16 18:34:09,899 - __main__ - ERROR - Modelo AAPL_rf não encontrado
2026-06-16 18:34:10,554 - __main__ - ERROR - Nenhum framework de deep learning disponível
2026-06-16 18:34:10,554 - __main__ - ERROR - Erro ao treinar Random Forest para MSFT: 'close'
2026-06-16 18:34:10,554 - __main__ - ERROR - Modelo MSFT_lstm não encontrado
2026-06-16 18:34:10,554 - __main__ - ERROR - Modelo MSFT_rf não encontrado
2026-06-16 18:34:10,815 - __main__ - ERROR - Nenhum framework de deep learning disponível
2026-06-16 18:34:10,816 - __main__ - ERROR - Erro ao treinar Random Forest para GOOGL: 'close'
2026-06-16 18:34:10,816 - __main__ - ERROR - Modelo GOOGL_lstm não encontrado
2026-06-16 18:34:10,816 - __main__ - ERROR - Modelo GOOGL_rf não encontrado
2026-06-16 18:34:11,016 - __main__ - ERROR - Nenhum framework de deep learning disponível
2026-06-16 18:34:11,016 - __main__ - ERROR - Erro ao treinar Random Forest para AMZN: 'close'
2026-06-16 18:34:11,016 - __main__ - ERROR - Modelo AMZN_lstm não encontrado
2026-06-16 18:34:11,016 - __main__ - ERROR - Modelo AMZN_rf não encontrado
2026-06-16 18:34:11,221 - __main__ - ERROR - Nenhum framework de deep learning disponível
2026-06-16 18:34:11,221 - __main__ - ERROR - Erro ao treinar Random Forest para BTC-USD: 'close'
2026-06-16 18:34:11,221 - __main__ - ERROR - Modelo BTC-USD_lstm não encontrado
2026-06-16 18:34:11,221 - __main__ - ERROR - Modelo BTC-USD_rf não encontrado
2026-06-16 18:34:11,221 - __main__ - INFO - ✅ 2 estratégias configuradas
2026-06-16 18:34:11,221 - __main__ - INFO - 🧠 Orquestrador Financeiro inicializado
2026-06-16 18:34:11,256 - __main__ - ERROR - Modelo AAPL_lstm não encontrado
2026-06-16 18:34:11,256 - __main__ - ERROR - Modelo AAPL_rf não encontrado
